<?xml version="1.0" encoding="UTF-8"?>
<!-- Generated by org.testng.reporters.JUnitReportReporter -->
<testsuite hostname="DESKTOP-V9361ET" failures="0" tests="1" name="ui.online" time="12.955" errors="0" timestamp="2022-08-27T12:13:51 IST" skipped="0">
  <testcase classname="ui.online" name="launch" time="12.955"/>
  <system-out/>
</testsuite> <!-- ui.online -->
