<?xml version="1.0" encoding="UTF-8"?>
<!-- Generated by org.testng.reporters.JUnitReportReporter -->
<testsuite hostname="DESKTOP-V9361ET" failures="0" tests="3" name="com.amazone.testing.Test4" time="0.034" errors="0" timestamp="2022-08-18T10:26:58 IST" skipped="0">
  <testcase classname="com.amazone.testing.Test4" name="login" time="0.004"/>
  <system-out/>
  <testcase classname="com.amazone.testing.Test4" name="login" time="0.027"/>
  <system-out/>
  <testcase classname="com.amazone.testing.Test4" name="login" time="0.003"/>
  <system-out/>
</testsuite> <!-- com.amazone.testing.Test4 -->
