<?xml version="1.0" encoding="UTF-8"?>
<!-- Generated by org.testng.reporters.JUnitReportReporter -->
<testsuite hostname="DESKTOP-V9361ET" failures="0" tests="1" name="com.gmail.tests.TestLoginAndSignUp" time="11.876" errors="0" timestamp="2022-08-30T11:22:46 IST" skipped="0">
  <testcase classname="com.gmail.tests.TestLoginAndSignUp" name="testloginSignupForPersonalAccount" time="11.876"/>
  <system-out/>
</testsuite> <!-- com.gmail.tests.TestLoginAndSignUp -->
