<?xml version="1.0" encoding="UTF-8"?>
<!-- Generated by org.testng.reporters.JUnitReportReporter -->
<testsuite hostname="DESKTOP-V9361ET" failures="0" tests="1" name="com.amazone.testing.VerifyTitleTest" time="7.052" errors="0" timestamp="2022-08-20T10:36:28 IST" skipped="0">
  <testcase classname="com.amazone.testing.VerifyTitleTest" name="titleTest" time="7.052"/>
  <system-out/>
</testsuite> <!-- com.amazone.testing.VerifyTitleTest -->
