<?xml version="1.0" encoding="UTF-8"?>
<!-- Generated by org.testng.reporters.JUnitReportReporter -->
<testsuite hostname="DESKTOP-V9361ET" failures="0" tests="1" name="ui.loginTest" time="51.338" errors="0" timestamp="2022-08-29T06:34:49 IST" skipped="0">
  <testcase classname="ui.loginTest" name="main" time="51.338"/>
  <system-out/>
</testsuite> <!-- ui.loginTest -->
