<?xml version="1.0" encoding="UTF-8"?>
<!-- Generated by org.testng.reporters.JUnitReportReporter -->
<testsuite hostname="DESKTOP-V9361ET" failures="0" tests="3" name="com.amazone.testing.groupTest1" time="0.026" errors="0" timestamp="2022-08-18T12:47:10 IST" skipped="1">
  <testcase classname="com.amazone.testing.groupTest1" name="B" time="0.009"/>
  <system-out/>
  <testcase classname="com.amazone.testing.groupTest1" name="A" time="0.017"/>
  <system-out/>
  <testcase classname="com.amazone.testing.groupTest1" name="C">
    <skipped/>
  </testcase> <!-- C -->
  <system-out/>
</testsuite> <!-- com.amazone.testing.groupTest1 -->
