<?xml version="1.0" encoding="UTF-8"?>
<!-- Generated by org.testng.reporters.JUnitReportReporter -->
<testsuite hostname="DESKTOP-V9361ET" failures="0" tests="6" name="com.amazone.testing.Test2" time="0.024" errors="0" timestamp="2022-08-25T10:30:07 IST" skipped="0">
  <testcase classname="com.amazone.testing.Test2" name="homepage" time="0.002"/>
  <system-out/>
  <testcase classname="com.amazone.testing.Test2" name="login" time="0.002"/>
  <system-out/>
  <testcase classname="com.amazone.testing.Test2" name="productDP" time="0.004"/>
  <system-out/>
  <testcase classname="com.amazone.testing.Test2" name="signup" time="0.004"/>
  <system-out/>
  <testcase classname="com.amazone.testing.Test2" name="shoeCategory" time="0.007"/>
  <system-out/>
  <testcase classname="com.amazone.testing.Test2" name="shippingDetails" time="0.005"/>
  <system-out/>
</testsuite> <!-- com.amazone.testing.Test2 -->
