<?xml version="1.0" encoding="UTF-8"?>
<!-- Generated by org.testng.reporters.JUnitReportReporter -->
<testsuite hostname="DESKTOP-V9361ET" failures="0" tests="3" name="com.amazone.testing.groupTest3" time="0.046" errors="0" timestamp="2022-08-18T12:22:47 IST" skipped="0">
  <testcase classname="com.amazone.testing.groupTest3" name="C" time="0.020"/>
  <system-out/>
  <testcase classname="com.amazone.testing.groupTest3" name="B" time="0.023"/>
  <system-out/>
  <testcase classname="com.amazone.testing.groupTest3" name="A" time="0.003"/>
  <system-out/>
</testsuite> <!-- com.amazone.testing.groupTest3 -->
