<?xml version="1.0" encoding="UTF-8"?>
<!-- Generated by org.testng.reporters.JUnitReportReporter -->
<testsuite hostname="DESKTOP-V9361ET" failures="0" tests="4" name="common.DataProviderDemoTest2" time="18.372" errors="0" timestamp="2022-08-19T01:20:48 IST" skipped="0">
  <testcase classname="common.DataProviderDemoTest2" name="test" time="5.744"/>
  <system-out/>
  <testcase classname="common.DataProviderDemoTest2" name="test" time="3.843"/>
  <system-out/>
  <testcase classname="common.DataProviderDemoTest2" name="test" time="4.198"/>
  <system-out/>
  <testcase classname="common.DataProviderDemoTest2" name="test" time="4.587"/>
  <system-out/>
</testsuite> <!-- common.DataProviderDemoTest2 -->
