<?xml version="1.0" encoding="UTF-8"?>
<!-- Generated by org.testng.reporters.JUnitReportReporter -->
<testsuite hostname="DESKTOP-V9361ET" failures="0" tests="10" name="com.amazone.testing.Test1" time="0.072" errors="0" timestamp="2022-08-25T11:48:37 IST" skipped="0">
  <testcase classname="com.amazone.testing.Test1" name="mobileCategory" time="0.001"/>
  <system-out/>
  <testcase classname="com.amazone.testing.Test1" name="mobileCategory" time="0.026"/>
  <system-out/>
  <testcase classname="com.amazone.testing.Test1" name="mobileCategory" time="0.002"/>
  <system-out/>
  <testcase classname="com.amazone.testing.Test1" name="mobileCategory" time="0.003"/>
  <system-out/>
  <testcase classname="com.amazone.testing.Test1" name="mobileCategory" time="0.005"/>
  <system-out/>
  <testcase classname="com.amazone.testing.Test1" name="mobileCategory" time="0.002"/>
  <system-out/>
  <testcase classname="com.amazone.testing.Test1" name="mobileCategory" time="0.003"/>
  <system-out/>
  <testcase classname="com.amazone.testing.Test1" name="mobileCategory" time="0.014"/>
  <system-out/>
  <testcase classname="com.amazone.testing.Test1" name="mobileCategory" time="0.006"/>
  <system-out/>
  <testcase classname="com.amazone.testing.Test1" name="mobileCategory" time="0.010"/>
  <system-out/>
</testsuite> <!-- com.amazone.testing.Test1 -->
