<?xml version="1.0" encoding="UTF-8"?>
<!-- Generated by org.testng.reporters.JUnitReportReporter -->
<testsuite hostname="DESKTOP-V9361ET" failures="0" tests="11" name="com.amazone.testing.Test3" time="0.080" errors="1" timestamp="2022-08-26T06:20:58 IST" skipped="6">
  <testcase classname="com.amazone.testing.Test3" name="login" time="0.011">
    <skipped/>
  </testcase> <!-- login -->
  <system-out/>
  <testcase classname="com.amazone.testing.Test3" name="login" time="0.011">
    <skipped/>
  </testcase> <!-- login -->
  <system-out/>
  <testcase classname="com.amazone.testing.Test3" name="signup" time="0.005"/>
  <system-out/>
  <testcase classname="com.amazone.testing.Test3" name="homepage" time="0.015"/>
  <system-out/>
  <testcase classname="com.amazone.testing.Test3" name="login" time="0.003">
    <skipped/>
  </testcase> <!-- login -->
  <system-out/>
  <testcase classname="com.amazone.testing.Test3" name="login" time="0.009">
    <skipped/>
  </testcase> <!-- login -->
  <system-out/>
  <testcase classname="com.amazone.testing.Test3" name="login" time="0.005">
    <error message="Unresolved compilation problem: 
	Syntax error on token &quot;)&quot;, delete this token
" type="java.lang.Error">
      <![CDATA[java.lang.Error: Unresolved compilation problem: 
Syntax error on token ")", delete this token

at com.amazone.testing.Test3.login(Test3.java:29)
at java.base/jdk.internal.reflect.DirectMethodHandleAccessor.invoke(DirectMethodHandleAccessor.java:104)
at java.base/java.lang.reflect.Method.invoke(Method.java:577)
at org.testng.internal.MethodInvocationHelper.invokeMethod(MethodInvocationHelper.java:133)
at org.testng.internal.TestInvoker.invokeMethod(TestInvoker.java:598)
at org.testng.internal.TestInvoker.retryFailed(TestInvoker.java:213)
at org.testng.internal.MethodRunner.runInSequence(MethodRunner.java:58)
at org.testng.internal.TestInvoker$MethodInvocationAgent.invoke(TestInvoker.java:824)
at org.testng.internal.TestInvoker.invokeTestMethods(TestInvoker.java:146)
at org.testng.internal.TestMethodWorker.invokeTestMethods(TestMethodWorker.java:146)
at org.testng.internal.TestMethodWorker.run(TestMethodWorker.java:128)
at java.base/java.util.ArrayList.forEach(ArrayList.java:1511)
at org.testng.TestRunner.privateRun(TestRunner.java:794)
at org.testng.TestRunner.run(TestRunner.java:596)
at org.testng.SuiteRunner.runTest(SuiteRunner.java:377)
at org.testng.SuiteRunner.runSequentially(SuiteRunner.java:371)
at org.testng.SuiteRunner.privateRun(SuiteRunner.java:332)
at org.testng.SuiteRunner.run(SuiteRunner.java:276)
at org.testng.SuiteRunnerWorker.runSuite(SuiteRunnerWorker.java:53)
at org.testng.SuiteRunnerWorker.run(SuiteRunnerWorker.java:96)
at org.testng.TestNG.runSuitesSequentially(TestNG.java:1212)
at org.testng.TestNG.runSuitesLocally(TestNG.java:1134)
at org.testng.TestNG.runSuites(TestNG.java:1063)
at org.testng.TestNG.run(TestNG.java:1031)
at org.testng.remote.AbstractRemoteTestNG.run(AbstractRemoteTestNG.java:115)
at org.testng.remote.RemoteTestNG.initAndRun(RemoteTestNG.java:251)
at org.testng.remote.RemoteTestNG.main(RemoteTestNG.java:77)
]]>
    </error>
  </testcase> <!-- login -->
  <system-out/>
  <testcase classname="com.amazone.testing.Test3" name="login" time="0.012">
    <skipped/>
  </testcase> <!-- login -->
  <system-out/>
  <testcase classname="com.amazone.testing.Test3" name="bookCategory" time="0.004"/>
  <system-out/>
  <testcase classname="com.amazone.testing.Test3" name="productDP" time="0.005"/>
  <system-out/>
  <testcase classname="com.amazone.testing.Test3" name="shippingDetails">
    <skipped/>
  </testcase> <!-- shippingDetails -->
  <system-out/>
</testsuite> <!-- com.amazone.testing.Test3 -->
