<?xml version="1.0" encoding="UTF-8"?>
<!-- Generated by org.testng.reporters.JUnitReportReporter -->
<testsuite hostname="DESKTOP-V9361ET" failures="0" tests="4" name="com.amazone.testing.GroupsDemoTest" time="0.043" errors="0" timestamp="2022-08-18T03:00:15 IST" skipped="0">
  <testcase classname="com.amazone.testing.GroupsDemoTest" name="homepage" time="0.023"/>
  <system-out/>
  <testcase classname="com.amazone.testing.GroupsDemoTest" name="mobileCategory" time="0.004"/>
  <system-out/>
  <testcase classname="com.amazone.testing.GroupsDemoTest" name="signup" time="0.012"/>
  <system-out/>
  <testcase classname="com.amazone.testing.GroupsDemoTest" name="login" time="0.004"/>
  <system-out/>
</testsuite> <!-- com.amazone.testing.GroupsDemoTest -->
