<?xml version="1.0" encoding="UTF-8"?>
<!-- Generated by org.testng.reporters.JUnitReportReporter -->
<testsuite hostname="DESKTOP-V9361ET" failures="0" tests="4" name="Test_Scenarios.TestMethods_GoogleSearch" time="0.016" errors="1" timestamp="2022-08-30T03:16:33 IST" skipped="3">
  <testcase classname="Test_Scenarios.TestMethods_GoogleSearch" name="searchOperation" time="0.000">
    <skipped/>
  </testcase> <!-- searchOperation -->
  <system-out/>
  <testcase classname="Test_Scenarios.TestMethods_GoogleSearch" name="beforetest" time="0.016">
    <error message="Unresolved compilation problems: 
	The method manage() is undefined for the type GoogleSearch
	The method get(String) is undefined for the type GoogleSearch
" type="java.lang.Error">
      <![CDATA[java.lang.Error: Unresolved compilation problems: 
The method manage() is undefined for the type GoogleSearch
The method get(String) is undefined for the type GoogleSearch

at Test_Scenarios.TestMethods_GoogleSearch.beforetest(TestMethods_GoogleSearch.java:34)
at java.base/jdk.internal.reflect.DirectMethodHandleAccessor.invoke(DirectMethodHandleAccessor.java:104)
at java.base/java.lang.reflect.Method.invoke(Method.java:577)
at org.testng.internal.MethodInvocationHelper.invokeMethod(MethodInvocationHelper.java:133)
at org.testng.internal.MethodInvocationHelper.invokeMethodConsideringTimeout(MethodInvocationHelper.java:62)
at org.testng.internal.ConfigInvoker.invokeConfigurationMethod(ConfigInvoker.java:385)
at org.testng.internal.ConfigInvoker.invokeConfigurations(ConfigInvoker.java:321)
at org.testng.TestRunner.invokeTestConfigurations(TestRunner.java:637)
at org.testng.TestRunner.beforeRun(TestRunner.java:627)
at org.testng.TestRunner.run(TestRunner.java:589)
at org.testng.SuiteRunner.runTest(SuiteRunner.java:377)
at org.testng.SuiteRunner.runSequentially(SuiteRunner.java:371)
at org.testng.SuiteRunner.privateRun(SuiteRunner.java:332)
at org.testng.SuiteRunner.run(SuiteRunner.java:276)
at org.testng.SuiteRunnerWorker.runSuite(SuiteRunnerWorker.java:53)
at org.testng.SuiteRunnerWorker.run(SuiteRunnerWorker.java:96)
at org.testng.TestNG.runSuitesSequentially(TestNG.java:1212)
at org.testng.TestNG.runSuitesLocally(TestNG.java:1134)
at org.testng.TestNG.runSuites(TestNG.java:1063)
at org.testng.TestNG.run(TestNG.java:1031)
at org.testng.remote.AbstractRemoteTestNG.run(AbstractRemoteTestNG.java:115)
at org.testng.remote.RemoteTestNG.initAndRun(RemoteTestNG.java:251)
at org.testng.remote.RemoteTestNG.main(RemoteTestNG.java:77)
]]>
    </error>
  </testcase> <!-- beforetest -->
  <system-out/>
  <testcase classname="Test_Scenarios.TestMethods_GoogleSearch" name="VerifyAndAccessFacebook" time="0.000">
    <skipped/>
  </testcase> <!-- VerifyAndAccessFacebook -->
  <system-out/>
  <testcase classname="Test_Scenarios.TestMethods_GoogleSearch" name="VerifyLogin" time="0.000">
    <skipped/>
  </testcase> <!-- VerifyLogin -->
  <system-out/>
</testsuite> <!-- Test_Scenarios.TestMethods_GoogleSearch -->
