<?xml version="1.0" encoding="UTF-8"?>
<!-- Generated by org.testng.reporters.JUnitReportReporter -->
<testsuite hostname="DESKTOP-V9361ET" failures="0" tests="12" name="common.DataProviderDemoTest" time="0.078" errors="0" timestamp="2022-08-19T08:06:06 IST" skipped="0">
  <testcase classname="common.DataProviderDemoTest" name="test2" time="0.006"/>
  <system-out/>
  <testcase classname="common.DataProviderDemoTest" name="test" time="0.020"/>
  <system-out/>
  <testcase classname="common.DataProviderDemoTest" name="test2" time="0.008"/>
  <system-out/>
  <testcase classname="common.DataProviderDemoTest" name="test" time="0.005"/>
  <system-out/>
  <testcase classname="common.DataProviderDemoTest" name="test" time="0.009"/>
  <system-out/>
  <testcase classname="common.DataProviderDemoTest" name="test1" time="0.005"/>
  <system-out/>
  <testcase classname="common.DataProviderDemoTest" name="test1" time="0.003"/>
  <system-out/>
  <testcase classname="common.DataProviderDemoTest" name="test1" time="0.004"/>
  <system-out/>
  <testcase classname="common.DataProviderDemoTest" name="test2" time="0.005"/>
  <system-out/>
  <testcase classname="common.DataProviderDemoTest" name="test" time="0.003"/>
  <system-out/>
  <testcase classname="common.DataProviderDemoTest" name="test2" time="0.003"/>
  <system-out/>
  <testcase classname="common.DataProviderDemoTest" name="test1" time="0.007"/>
  <system-out/>
</testsuite> <!-- common.DataProviderDemoTest -->
