<?xml version="1.0" encoding="UTF-8"?>
<!-- Generated by org.testng.reporters.JUnitReportReporter -->
<testsuite hostname="DESKTOP-V9361ET" failures="0" tests="3" name="com.amazone.testing.groupTest2" time="0.042" errors="0" timestamp="2022-08-18T12:22:47 IST" skipped="1">
  <testcase classname="com.amazone.testing.groupTest2" name="A" time="0.025"/>
  <system-out/>
  <testcase classname="com.amazone.testing.groupTest2" name="B" time="0.007">
    <skipped/>
  </testcase> <!-- B -->
  <system-out/>
  <testcase classname="com.amazone.testing.groupTest2" name="D" time="0.010"/>
  <system-out/>
</testsuite> <!-- com.amazone.testing.groupTest2 -->
