<?xml version="1.0" encoding="UTF-8"?>
<!-- Generated by org.testng.reporters.JUnitReportReporter -->
<testsuite hostname="DESKTOP-V9361ET" failures="0" tests="2" name="ui.ActionExample2" time="5.791" errors="0" timestamp="2022-08-25T12:04:30 IST" skipped="0">
  <testcase classname="ui.ActionExample2" name="draggable" time="3.421"/>
  <system-out/>
  <testcase classname="ui.ActionExample2" name="droppable" time="2.370"/>
  <system-out/>
</testsuite> <!-- ui.ActionExample2 -->
