<?xml version="1.0" encoding="UTF-8"?>
<!-- Generated by org.testng.reporters.JUnitReportReporter -->
<testsuite hostname="DESKTOP-V9361ET" failures="0" tests="1" name="ui.testUtils" time="6.970" errors="0" timestamp="2022-08-27T10:18:26 IST" skipped="0">
  <testcase classname="ui.testUtils" name="tastscreenshot" time="6.970"/>
  <system-out/>
</testsuite> <!-- ui.testUtils -->
